<?xml version="1.0" encoding="UTF-8"?>
<!-- Generated by org.testng.reporters.JUnitReportReporter -->
<testsuite hostname="DESKTOP-RQPACIS" failures="0" tests="1" name="login.Login_Page" time="0.260" errors="0" timestamp="2024-01-17T15:53:54 IST" skipped="0">
  <testcase classname="login.Login_Page" name="Login" time="0.260"/>
</testsuite> <!-- login.Login_Page -->
